Started GET "/" for 127.0.0.1 at 2022-11-28 13:29:22 +0300
Processing by Rails::WelcomeController#index as HTML
  Rendering /var/lib/gems/3.0.0/gems/railties-7.0.4/lib/rails/templates/rails/welcome/index.html.erb
  Rendered /var/lib/gems/3.0.0/gems/railties-7.0.4/lib/rails/templates/rails/welcome/index.html.erb (Duration: 4.1ms | Allocations: 831)
Completed 200 OK in 34ms (Views: 15.4ms | ActiveRecord: 0.0ms | Allocations: 7775)


Started GET "/" for 127.0.0.1 at 2022-11-28 13:56:28 +0300
Processing by Rails::WelcomeController#index as HTML
  Rendering /var/lib/gems/3.0.0/gems/railties-7.0.4/lib/rails/templates/rails/welcome/index.html.erb
  Rendered /var/lib/gems/3.0.0/gems/railties-7.0.4/lib/rails/templates/rails/welcome/index.html.erb (Duration: 2.3ms | Allocations: 726)
Completed 200 OK in 32ms (Views: 6.5ms | ActiveRecord: 0.0ms | Allocations: 6515)


Started GET "/" for 127.0.0.1 at 2022-11-28 13:57:29 +0300
Processing by Rails::WelcomeController#index as HTML
  Rendering /var/lib/gems/3.0.0/gems/railties-7.0.4/lib/rails/templates/rails/welcome/index.html.erb
  Rendered /var/lib/gems/3.0.0/gems/railties-7.0.4/lib/rails/templates/rails/welcome/index.html.erb (Duration: 4.9ms | Allocations: 388)
Completed 200 OK in 11ms (Views: 8.5ms | ActiveRecord: 0.0ms | Allocations: 1414)


Started GET "/" for 127.0.0.1 at 2022-11-28 13:57:31 +0300
Processing by Rails::WelcomeController#index as HTML
  Rendering /var/lib/gems/3.0.0/gems/railties-7.0.4/lib/rails/templates/rails/welcome/index.html.erb
  Rendered /var/lib/gems/3.0.0/gems/railties-7.0.4/lib/rails/templates/rails/welcome/index.html.erb (Duration: 0.2ms | Allocations: 16)
Completed 200 OK in 27ms (Views: 1.8ms | ActiveRecord: 0.0ms | Allocations: 308)


Started GET "/" for 127.0.0.1 at 2022-11-28 13:57:32 +0300
Processing by Rails::WelcomeController#index as HTML
  Rendering /var/lib/gems/3.0.0/gems/railties-7.0.4/lib/rails/templates/rails/welcome/index.html.erb
  Rendered /var/lib/gems/3.0.0/gems/railties-7.0.4/lib/rails/templates/rails/welcome/index.html.erb (Duration: 0.1ms | Allocations: 16)
Completed 200 OK in 1ms (Views: 0.8ms | ActiveRecord: 0.0ms | Allocations: 281)


Started GET "/" for 127.0.0.1 at 2022-11-28 13:57:32 +0300
Processing by Rails::WelcomeController#index as HTML
  Rendering /var/lib/gems/3.0.0/gems/railties-7.0.4/lib/rails/templates/rails/welcome/index.html.erb
  Rendered /var/lib/gems/3.0.0/gems/railties-7.0.4/lib/rails/templates/rails/welcome/index.html.erb (Duration: 0.1ms | Allocations: 15)
Completed 200 OK in 2ms (Views: 0.8ms | ActiveRecord: 0.0ms | Allocations: 276)


Started GET "/" for 127.0.0.1 at 2022-11-28 13:57:32 +0300
Processing by Rails::WelcomeController#index as HTML
  Rendering /var/lib/gems/3.0.0/gems/railties-7.0.4/lib/rails/templates/rails/welcome/index.html.erb
  Rendered /var/lib/gems/3.0.0/gems/railties-7.0.4/lib/rails/templates/rails/welcome/index.html.erb (Duration: 0.1ms | Allocations: 16)
Completed 200 OK in 2ms (Views: 1.2ms | ActiveRecord: 0.0ms | Allocations: 281)


Started GET "/" for 127.0.0.1 at 2022-11-28 13:59:02 +0300
Processing by Rails::WelcomeController#index as HTML
  Rendering /var/lib/gems/3.0.0/gems/railties-7.0.4/lib/rails/templates/rails/welcome/index.html.erb
  Rendered /var/lib/gems/3.0.0/gems/railties-7.0.4/lib/rails/templates/rails/welcome/index.html.erb (Duration: 0.2ms | Allocations: 15)
Completed 200 OK in 2ms (Views: 1.2ms | ActiveRecord: 0.0ms | Allocations: 276)


Started GET "/" for 127.0.0.1 at 2022-11-28 13:59:02 +0300
Processing by Rails::WelcomeController#index as HTML
  Rendering /var/lib/gems/3.0.0/gems/railties-7.0.4/lib/rails/templates/rails/welcome/index.html.erb
  Rendered /var/lib/gems/3.0.0/gems/railties-7.0.4/lib/rails/templates/rails/welcome/index.html.erb (Duration: 0.1ms | Allocations: 15)
Completed 200 OK in 2ms (Views: 1.0ms | ActiveRecord: 0.0ms | Allocations: 276)


Started GET "/" for 127.0.0.1 at 2022-11-28 13:59:02 +0300
Processing by Rails::WelcomeController#index as HTML
  Rendering /var/lib/gems/3.0.0/gems/railties-7.0.4/lib/rails/templates/rails/welcome/index.html.erb
  Rendered /var/lib/gems/3.0.0/gems/railties-7.0.4/lib/rails/templates/rails/welcome/index.html.erb (Duration: 0.1ms | Allocations: 15)
Completed 200 OK in 2ms (Views: 0.9ms | ActiveRecord: 0.0ms | Allocations: 276)


Started GET "/" for 127.0.0.1 at 2022-11-28 13:59:03 +0300
Processing by Rails::WelcomeController#index as HTML
  Rendering /var/lib/gems/3.0.0/gems/railties-7.0.4/lib/rails/templates/rails/welcome/index.html.erb
  Rendered /var/lib/gems/3.0.0/gems/railties-7.0.4/lib/rails/templates/rails/welcome/index.html.erb (Duration: 0.1ms | Allocations: 15)
Completed 200 OK in 2ms (Views: 0.8ms | ActiveRecord: 0.0ms | Allocations: 276)


Started GET "/" for 127.0.0.1 at 2022-11-28 13:59:03 +0300
Processing by Rails::WelcomeController#index as HTML
  Rendering /var/lib/gems/3.0.0/gems/railties-7.0.4/lib/rails/templates/rails/welcome/index.html.erb
  Rendered /var/lib/gems/3.0.0/gems/railties-7.0.4/lib/rails/templates/rails/welcome/index.html.erb (Duration: 0.1ms | Allocations: 15)
Completed 200 OK in 2ms (Views: 1.0ms | ActiveRecord: 0.0ms | Allocations: 276)


  [1m[35m (529.5ms)[0m  [1m[35mCREATE TABLE "schema_migrations" ("version" varchar NOT NULL PRIMARY KEY)[0m
  [1m[35m (123.3ms)[0m  [1m[35mCREATE TABLE "ar_internal_metadata" ("key" varchar NOT NULL PRIMARY KEY, "value" varchar, "created_at" datetime(6) NOT NULL, "updated_at" datetime(6) NOT NULL)[0m
  [1m[36mActiveRecord::SchemaMigration Pluck (0.3ms)[0m  [1m[34mSELECT "schema_migrations"."version" FROM "schema_migrations" ORDER BY "schema_migrations"."version" ASC[0m
Migrating to CreateArticles (20221128110119)
  [1m[36mTRANSACTION (0.1ms)[0m  [1m[36mbegin transaction[0m
  [1m[35m (0.9ms)[0m  [1m[35mCREATE TABLE "articles" ("id" integer PRIMARY KEY AUTOINCREMENT NOT NULL, "title" varchar, "body" text, "created_at" datetime(6) NOT NULL, "updated_at" datetime(6) NOT NULL)[0m
  [1m[36mActiveRecord::SchemaMigration Create (0.4ms)[0m  [1m[32mINSERT INTO "schema_migrations" ("version") VALUES (?)[0m  [["version", "20221128110119"]]
  [1m[36mTRANSACTION (147.6ms)[0m  [1m[36mcommit transaction[0m
  [1m[36mActiveRecord::InternalMetadata Load (0.4ms)[0m  [1m[34mSELECT "ar_internal_metadata".* FROM "ar_internal_metadata" WHERE "ar_internal_metadata"."key" = ? LIMIT ?[0m  [["key", "environment"], ["LIMIT", 1]]
  [1m[36mTRANSACTION (0.2ms)[0m  [1m[36mbegin transaction[0m
  [1m[36mActiveRecord::InternalMetadata Create (0.6ms)[0m  [1m[32mINSERT INTO "ar_internal_metadata" ("key", "value", "created_at", "updated_at") VALUES (?, ?, ?, ?)[0m  [["key", "environment"], ["value", "development"], ["created_at", "2022-11-28 11:02:22.336970"], ["updated_at", "2022-11-28 11:02:22.336970"]]
  [1m[36mTRANSACTION (113.2ms)[0m  [1m[36mcommit transaction[0m
  [1m[36mActiveRecord::SchemaMigration Pluck (0.2ms)[0m  [1m[34mSELECT "schema_migrations"."version" FROM "schema_migrations" ORDER BY "schema_migrations"."version" ASC[0m
  [1m[36mTRANSACTION (0.3ms)[0m  [1m[36mbegin transaction[0m
  [1m[36mArticle Create (1.3ms)[0m  [1m[32mINSERT INTO "articles" ("title", "body", "created_at", "updated_at") VALUES (?, ?, ?, ?)[0m  [["title", "Hello Rails"], ["body", "I am on Rails!"], ["created_at", "2022-11-28 11:03:23.989635"], ["updated_at", "2022-11-28 11:03:23.989635"]]
  [1m[36mTRANSACTION (178.5ms)[0m  [1m[36mcommit transaction[0m
  [1m[36mArticle Load (0.6ms)[0m  [1m[34mSELECT "articles".* FROM "articles" WHERE "articles"."id" = ? LIMIT ?[0m  [["id", 1], ["LIMIT", 1]]
  [1m[36mArticle Load (0.4ms)[0m  [1m[34mSELECT "articles".* FROM "articles"[0m
Started GET "/" for 127.0.0.1 at 2022-11-28 14:07:07 +0300
  [1m[36mActiveRecord::SchemaMigration Pluck (0.2ms)[0m  [1m[34mSELECT "schema_migrations"."version" FROM "schema_migrations" ORDER BY "schema_migrations"."version" ASC[0m
Processing by ArticlesController#index as HTML
  Rendering layout layouts/application.html.erb
  Rendering articles/index.html.erb within layouts/application
  [1m[36mArticle Load (0.6ms)[0m  [1m[34mSELECT "articles".* FROM "articles"[0m
  ↳ app/views/articles/index.html.erb:4
  Rendered articles/index.html.erb within layouts/application (Duration: 42.2ms | Allocations: 16563)
  Rendered layout layouts/application.html.erb (Duration: 575.0ms | Allocations: 112331)
Completed 200 OK in 591ms (Views: 578.1ms | ActiveRecord: 1.7ms | Allocations: 119028)


Started GET "/articles/1" for 127.0.0.1 at 2022-11-28 14:10:02 +0300
  
AbstractController::ActionNotFound (The action 'show' could not be found for ArticlesController):
  
actionpack (7.0.4) lib/abstract_controller/base.rb:146:in `process'
actionview (7.0.4) lib/action_view/rendering.rb:39:in `process'
actionpack (7.0.4) lib/action_controller/metal.rb:188:in `dispatch'
actionpack (7.0.4) lib/action_controller/metal.rb:251:in `dispatch'
actionpack (7.0.4) lib/action_dispatch/routing/route_set.rb:49:in `dispatch'
actionpack (7.0.4) lib/action_dispatch/routing/route_set.rb:32:in `serve'
actionpack (7.0.4) lib/action_dispatch/journey/router.rb:50:in `block in serve'
actionpack (7.0.4) lib/action_dispatch/journey/router.rb:32:in `each'
actionpack (7.0.4) lib/action_dispatch/journey/router.rb:32:in `serve'
actionpack (7.0.4) lib/action_dispatch/routing/route_set.rb:852:in `call'
rack (2.2.4) lib/rack/tempfile_reaper.rb:15:in `call'
rack (2.2.4) lib/rack/etag.rb:27:in `call'
rack (2.2.4) lib/rack/conditional_get.rb:27:in `call'
rack (2.2.4) lib/rack/head.rb:12:in `call'
actionpack (7.0.4) lib/action_dispatch/http/permissions_policy.rb:38:in `call'
actionpack (7.0.4) lib/action_dispatch/http/content_security_policy.rb:36:in `call'
rack (2.2.4) lib/rack/session/abstract/id.rb:266:in `context'
rack (2.2.4) lib/rack/session/abstract/id.rb:260:in `call'
actionpack (7.0.4) lib/action_dispatch/middleware/cookies.rb:696:in `call'
activerecord (7.0.4) lib/active_record/migration.rb:603:in `call'
actionpack (7.0.4) lib/action_dispatch/middleware/callbacks.rb:27:in `block in call'
activesupport (7.0.4) lib/active_support/callbacks.rb:99:in `run_callbacks'
actionpack (7.0.4) lib/action_dispatch/middleware/callbacks.rb:26:in `call'
actionpack (7.0.4) lib/action_dispatch/middleware/executor.rb:14:in `call'
actionpack (7.0.4) lib/action_dispatch/middleware/actionable_exceptions.rb:17:in `call'
actionpack (7.0.4) lib/action_dispatch/middleware/debug_exceptions.rb:28:in `call'
web-console (4.2.0) lib/web_console/middleware.rb:132:in `call_app'
web-console (4.2.0) lib/web_console/middleware.rb:28:in `block in call'
web-console (4.2.0) lib/web_console/middleware.rb:17:in `catch'
web-console (4.2.0) lib/web_console/middleware.rb:17:in `call'
actionpack (7.0.4) lib/action_dispatch/middleware/show_exceptions.rb:26:in `call'
railties (7.0.4) lib/rails/rack/logger.rb:40:in `call_app'
railties (7.0.4) lib/rails/rack/logger.rb:25:in `block in call'
activesupport (7.0.4) lib/active_support/tagged_logging.rb:99:in `block in tagged'
activesupport (7.0.4) lib/active_support/tagged_logging.rb:37:in `tagged'
activesupport (7.0.4) lib/active_support/tagged_logging.rb:99:in `tagged'
railties (7.0.4) lib/rails/rack/logger.rb:25:in `call'
sprockets-rails (3.4.2) lib/sprockets/rails/quiet_assets.rb:13:in `call'
actionpack (7.0.4) lib/action_dispatch/middleware/remote_ip.rb:93:in `call'
actionpack (7.0.4) lib/action_dispatch/middleware/request_id.rb:26:in `call'
rack (2.2.4) lib/rack/method_override.rb:24:in `call'
rack (2.2.4) lib/rack/runtime.rb:22:in `call'
activesupport (7.0.4) lib/active_support/cache/strategy/local_cache_middleware.rb:29:in `call'
actionpack (7.0.4) lib/action_dispatch/middleware/server_timing.rb:61:in `block in call'
actionpack (7.0.4) lib/action_dispatch/middleware/server_timing.rb:26:in `collect_events'
actionpack (7.0.4) lib/action_dispatch/middleware/server_timing.rb:60:in `call'
actionpack (7.0.4) lib/action_dispatch/middleware/executor.rb:14:in `call'
actionpack (7.0.4) lib/action_dispatch/middleware/static.rb:23:in `call'
rack (2.2.4) lib/rack/sendfile.rb:110:in `call'
actionpack (7.0.4) lib/action_dispatch/middleware/host_authorization.rb:137:in `call'
railties (7.0.4) lib/rails/engine.rb:530:in `call'
puma (5.6.5) lib/puma/configuration.rb:252:in `call'
puma (5.6.5) lib/puma/request.rb:77:in `block in handle_request'
puma (5.6.5) lib/puma/thread_pool.rb:340:in `with_force_shutdown'
puma (5.6.5) lib/puma/request.rb:76:in `handle_request'
puma (5.6.5) lib/puma/server.rb:443:in `process_client'
puma (5.6.5) lib/puma/thread_pool.rb:147:in `block in spawn_thread'
Started GET "/articles/1" for 127.0.0.1 at 2022-11-28 14:13:05 +0300
Processing by ArticlesController#show as HTML
  Parameters: {"id"=>"1"}
  [1m[36mArticle Load (0.3ms)[0m  [1m[34mSELECT "articles".* FROM "articles" WHERE "articles"."id" = ? LIMIT ?[0m  [["id", 1], ["LIMIT", 1]]
  ↳ app/controllers/articles_controller.rb:7:in `show'
  Rendering layout layouts/application.html.erb
  Rendering articles/show.html.erb within layouts/application
  Rendered articles/show.html.erb within layouts/application (Duration: 1.1ms | Allocations: 175)
  Rendered layout layouts/application.html.erb (Duration: 29.0ms | Allocations: 15346)
Completed 200 OK in 47ms (Views: 31.8ms | ActiveRecord: 1.9ms | Allocations: 21736)


Started GET "/articles/1" for 127.0.0.1 at 2022-11-28 14:22:24 +0300
Processing by ArticlesController#show as HTML
  Parameters: {"id"=>"1"}
  [1m[36mArticle Load (0.2ms)[0m  [1m[34mSELECT "articles".* FROM "articles" WHERE "articles"."id" = ? LIMIT ?[0m  [["id", 1], ["LIMIT", 1]]
  ↳ app/controllers/articles_controller.rb:7:in `show'
  Rendering layout layouts/application.html.erb
  Rendering articles/show.html.erb within layouts/application
  Rendered articles/show.html.erb within layouts/application (Duration: 0.8ms | Allocations: 174)
  Rendered layout layouts/application.html.erb (Duration: 18.1ms | Allocations: 15297)
Completed 200 OK in 30ms (Views: 19.8ms | ActiveRecord: 0.5ms | Allocations: 19994)


Started GET "/" for 127.0.0.1 at 2022-11-28 14:23:15 +0300
  [1m[36mActiveRecord::SchemaMigration Pluck (0.1ms)[0m  [1m[34mSELECT "schema_migrations"."version" FROM "schema_migrations" ORDER BY "schema_migrations"."version" ASC[0m
Processing by ArticlesController#index as HTML
  Rendering layout layouts/application.html.erb
  Rendering articles/index.html.erb within layouts/application
  [1m[36mArticle Load (0.9ms)[0m  [1m[34mSELECT "articles".* FROM "articles"[0m
  ↳ app/views/articles/index.html.erb:4
  Rendered articles/index.html.erb within layouts/application (Duration: 48.8ms | Allocations: 16780)
  Rendered layout layouts/application.html.erb (Duration: 128.1ms | Allocations: 53063)
Completed 200 OK in 146ms (Views: 133.9ms | ActiveRecord: 1.7ms | Allocations: 59953)


Started GET "/articles/1" for 127.0.0.1 at 2022-11-28 14:23:17 +0300
Processing by ArticlesController#show as HTML
  Parameters: {"id"=>"1"}
  [1m[36mArticle Load (0.2ms)[0m  [1m[34mSELECT "articles".* FROM "articles" WHERE "articles"."id" = ? LIMIT ?[0m  [["id", 1], ["LIMIT", 1]]
  ↳ app/controllers/articles_controller.rb:7:in `show'
  Rendering layout layouts/application.html.erb
  Rendering articles/show.html.erb within layouts/application
  Rendered articles/show.html.erb within layouts/application (Duration: 0.8ms | Allocations: 181)
  Rendered layout layouts/application.html.erb (Duration: 6.0ms | Allocations: 2862)
Completed 200 OK in 12ms (Views: 6.9ms | ActiveRecord: 0.2ms | Allocations: 5937)


Started GET "/articles/new" for 127.0.0.1 at 2022-11-28 14:23:34 +0300
Processing by ArticlesController#new as HTML
  Rendering layout layouts/application.html.erb
  Rendering articles/new.html.erb within layouts/application
  Rendered articles/new.html.erb within layouts/application (Duration: 142.3ms | Allocations: 6029)
  Rendered layout layouts/application.html.erb (Duration: 147.3ms | Allocations: 8473)
Completed 200 OK in 153ms (Views: 149.7ms | ActiveRecord: 0.0ms | Allocations: 8922)


Started POST "/articles" for 127.0.0.1 at 2022-11-28 14:23:39 +0300
Processing by ArticlesController#create as TURBO_STREAM
  Parameters: {"authenticity_token"=>"[FILTERED]", "article"=>{"title"=>"rr", "body"=>"rr"}, "commit"=>"Create Article"}
  Rendering layout layouts/application.html.erb
  Rendering articles/new.html.erb within layouts/application
  Rendered articles/new.html.erb within layouts/application (Duration: 14.9ms | Allocations: 2062)
  Rendered layout layouts/application.html.erb (Duration: 26.9ms | Allocations: 4532)
Completed 422 Unprocessable Entity in 37ms (Views: 29.9ms | ActiveRecord: 0.0ms | Allocations: 6139)


Started POST "/articles" for 127.0.0.1 at 2022-11-28 14:23:50 +0300
Processing by ArticlesController#create as TURBO_STREAM
  Parameters: {"authenticity_token"=>"[FILTERED]", "article"=>{"title"=>"rr", "body"=>"rr hoe are you"}, "commit"=>"Create Article"}
  [1m[36mTRANSACTION (0.3ms)[0m  [1m[36mbegin transaction[0m
  ↳ app/controllers/articles_controller.rb:17:in `create'
  [1m[36mArticle Create (1.0ms)[0m  [1m[32mINSERT INTO "articles" ("title", "body", "created_at", "updated_at") VALUES (?, ?, ?, ?)[0m  [["title", "rr"], ["body", "rr hoe are you"], ["created_at", "2022-11-28 11:23:50.704097"], ["updated_at", "2022-11-28 11:23:50.704097"]]
  ↳ app/controllers/articles_controller.rb:17:in `create'
  [1m[36mTRANSACTION (72.7ms)[0m  [1m[36mcommit transaction[0m
  ↳ app/controllers/articles_controller.rb:17:in `create'
Redirected to http://localhost:3000/articles/2
Completed 302 Found in 89ms (ActiveRecord: 74.0ms | Allocations: 3205)


Started GET "/articles/2" for 127.0.0.1 at 2022-11-28 14:23:50 +0300
Processing by ArticlesController#show as TURBO_STREAM
  Parameters: {"id"=>"2"}
  [1m[36mArticle Load (0.1ms)[0m  [1m[34mSELECT "articles".* FROM "articles" WHERE "articles"."id" = ? LIMIT ?[0m  [["id", 2], ["LIMIT", 1]]
  ↳ app/controllers/articles_controller.rb:7:in `show'
  Rendering layout layouts/application.html.erb
  Rendering articles/show.html.erb within layouts/application
  Rendered articles/show.html.erb within layouts/application (Duration: 0.1ms | Allocations: 11)
  Rendered layout layouts/application.html.erb (Duration: 6.1ms | Allocations: 2488)
Completed 200 OK in 9ms (Views: 6.8ms | ActiveRecord: 0.1ms | Allocations: 3262)


Started GET "/articles/2" for 127.0.0.1 at 2022-11-28 14:33:11 +0300
Processing by ArticlesController#show as HTML
  Parameters: {"id"=>"2"}
  [1m[36mArticle Load (0.1ms)[0m  [1m[34mSELECT "articles".* FROM "articles" WHERE "articles"."id" = ? LIMIT ?[0m  [["id", 2], ["LIMIT", 1]]
  ↳ app/controllers/articles_controller.rb:7:in `show'
  Rendering layout layouts/application.html.erb
  Rendering articles/show.html.erb within layouts/application
  Rendered articles/show.html.erb within layouts/application (Duration: 2.2ms | Allocations: 400)
  Rendered layout layouts/application.html.erb (Duration: 24.9ms | Allocations: 15533)
Completed 200 OK in 38ms (Views: 27.1ms | ActiveRecord: 0.5ms | Allocations: 20229)


Started GET "/articles/2/edit" for 127.0.0.1 at 2022-11-28 14:33:12 +0300
Processing by ArticlesController#edit as HTML
  Parameters: {"id"=>"2"}
  [1m[36mArticle Load (0.2ms)[0m  [1m[34mSELECT "articles".* FROM "articles" WHERE "articles"."id" = ? LIMIT ?[0m  [["id", 2], ["LIMIT", 1]]
  ↳ app/controllers/articles_controller.rb:25:in `edit'
  Rendering layout layouts/application.html.erb
  Rendering articles/edit.html.erb within layouts/application
  Rendered articles/_form.html.erb (Duration: 4.8ms | Allocations: 1549)
  Rendered articles/edit.html.erb within layouts/application (Duration: 6.7ms | Allocations: 1800)
  Rendered layout layouts/application.html.erb (Duration: 12.3ms | Allocations: 4114)
Completed 200 OK in 17ms (Views: 13.6ms | ActiveRecord: 0.2ms | Allocations: 4991)


Started PATCH "/articles/2" for 127.0.0.1 at 2022-11-28 14:33:18 +0300
Processing by ArticlesController#update as TURBO_STREAM
  Parameters: {"authenticity_token"=>"[FILTERED]", "article"=>{"title"=>"rr", "body"=>"rr hoe are "}, "commit"=>"Update Article", "id"=>"2"}
  [1m[36mArticle Load (0.3ms)[0m  [1m[34mSELECT "articles".* FROM "articles" WHERE "articles"."id" = ? LIMIT ?[0m  [["id", 2], ["LIMIT", 1]]
  ↳ app/controllers/articles_controller.rb:29:in `update'
  [1m[36mTRANSACTION (0.1ms)[0m  [1m[36mbegin transaction[0m
  ↳ app/controllers/articles_controller.rb:31:in `update'
  [1m[36mArticle Update (0.4ms)[0m  [1m[33mUPDATE "articles" SET "body" = ?, "updated_at" = ? WHERE "articles"."id" = ?[0m  [["body", "rr hoe are "], ["updated_at", "2022-11-28 11:33:18.628707"], ["id", 2]]
  ↳ app/controllers/articles_controller.rb:31:in `update'
  [1m[36mTRANSACTION (194.0ms)[0m  [1m[36mcommit transaction[0m
  ↳ app/controllers/articles_controller.rb:31:in `update'
Redirected to http://localhost:3000/articles/2
Completed 302 Found in 209ms (ActiveRecord: 194.9ms | Allocations: 3058)


Started GET "/articles/2" for 127.0.0.1 at 2022-11-28 14:33:18 +0300
Processing by ArticlesController#show as TURBO_STREAM
  Parameters: {"id"=>"2"}
  [1m[36mArticle Load (0.2ms)[0m  [1m[34mSELECT "articles".* FROM "articles" WHERE "articles"."id" = ? LIMIT ?[0m  [["id", 2], ["LIMIT", 1]]
  ↳ app/controllers/articles_controller.rb:7:in `show'
  Rendering layout layouts/application.html.erb
  Rendering articles/show.html.erb within layouts/application
  Rendered articles/show.html.erb within layouts/application (Duration: 0.5ms | Allocations: 113)
  Rendered layout layouts/application.html.erb (Duration: 7.0ms | Allocations: 2590)
Completed 200 OK in 11ms (Views: 8.0ms | ActiveRecord: 0.2ms | Allocations: 3393)


Started DELETE "/articles/2" for 127.0.0.1 at 2022-11-28 14:33:23 +0300
Processing by ArticlesController#destroy as TURBO_STREAM
  Parameters: {"id"=>"2"}
  [1m[36mArticle Load (0.3ms)[0m  [1m[34mSELECT "articles".* FROM "articles" WHERE "articles"."id" = ? LIMIT ?[0m  [["id", 2], ["LIMIT", 1]]
  ↳ app/controllers/articles_controller.rb:39:in `destroy'
  [1m[36mTRANSACTION (0.2ms)[0m  [1m[36mbegin transaction[0m
  ↳ app/controllers/articles_controller.rb:40:in `destroy'
  [1m[36mArticle Destroy (0.6ms)[0m  [1m[31mDELETE FROM "articles" WHERE "articles"."id" = ?[0m  [["id", 2]]
  ↳ app/controllers/articles_controller.rb:40:in `destroy'
  [1m[36mTRANSACTION (171.8ms)[0m  [1m[36mcommit transaction[0m
  ↳ app/controllers/articles_controller.rb:40:in `destroy'
Redirected to http://localhost:3000/
Completed 303 See Other in 187ms (ActiveRecord: 172.8ms | Allocations: 2230)


Started GET "/" for 127.0.0.1 at 2022-11-28 14:33:23 +0300
Processing by ArticlesController#index as TURBO_STREAM
  Rendering layout layouts/application.html.erb
  Rendering articles/index.html.erb within layouts/application
  [1m[36mArticle Load (0.3ms)[0m  [1m[34mSELECT "articles".* FROM "articles"[0m
  ↳ app/views/articles/index.html.erb:4
  Rendered articles/index.html.erb within layouts/application (Duration: 4.1ms | Allocations: 855)
  Rendered layout layouts/application.html.erb (Duration: 9.6ms | Allocations: 3350)
Completed 200 OK in 12ms (Views: 10.3ms | ActiveRecord: 0.3ms | Allocations: 3735)


Started GET "/articles/new" for 127.0.0.1 at 2022-11-28 14:33:38 +0300
Processing by ArticlesController#new as HTML
  Rendering layout layouts/application.html.erb
  Rendering articles/new.html.erb within layouts/application
  Rendered articles/_form.html.erb (Duration: 5.1ms | Allocations: 983)
  Rendered articles/new.html.erb within layouts/application (Duration: 14.8ms | Allocations: 2185)
  Rendered layout layouts/application.html.erb (Duration: 22.4ms | Allocations: 4507)
Completed 200 OK in 25ms (Views: 23.6ms | ActiveRecord: 0.0ms | Allocations: 4901)


Started POST "/articles" for 127.0.0.1 at 2022-11-28 14:33:47 +0300
Processing by ArticlesController#create as TURBO_STREAM
  Parameters: {"authenticity_token"=>"[FILTERED]", "article"=>{"title"=>"rr", "body"=>""}, "commit"=>"Create Article"}
  Rendering layout layouts/application.html.erb
  Rendering articles/new.html.erb within layouts/application
  Rendered articles/_form.html.erb (Duration: 13.3ms | Allocations: 2857)
  Rendered articles/new.html.erb within layouts/application (Duration: 28.0ms | Allocations: 5700)
  Rendered layout layouts/application.html.erb (Duration: 36.8ms | Allocations: 8071)
Completed 422 Unprocessable Entity in 45ms (Views: 39.5ms | ActiveRecord: 0.0ms | Allocations: 9191)


  [1m[36mActiveRecord::SchemaMigration Pluck (0.3ms)[0m  [1m[34mSELECT "schema_migrations"."version" FROM "schema_migrations" ORDER BY "schema_migrations"."version" ASC[0m
Migrating to CreateComments (20221128113428)
  [1m[36mTRANSACTION (0.2ms)[0m  [1m[36mbegin transaction[0m
  [1m[35m (0.9ms)[0m  [1m[35mCREATE TABLE "comments" ("id" integer PRIMARY KEY AUTOINCREMENT NOT NULL, "commenter" varchar, "body" text, "article_id" integer NOT NULL, "created_at" datetime(6) NOT NULL, "updated_at" datetime(6) NOT NULL, CONSTRAINT "fk_rails_3bf61a60d3"
FOREIGN KEY ("article_id")
  REFERENCES "articles" ("id")
)[0m
  [1m[35m (0.5ms)[0m  [1m[35mCREATE INDEX "index_comments_on_article_id" ON "comments" ("article_id")[0m
  [1m[36mActiveRecord::SchemaMigration Create (0.6ms)[0m  [1m[32mINSERT INTO "schema_migrations" ("version") VALUES (?)[0m  [["version", "20221128113428"]]
  [1m[36mTRANSACTION (109.9ms)[0m  [1m[36mcommit transaction[0m
  [1m[36mActiveRecord::InternalMetadata Load (0.2ms)[0m  [1m[34mSELECT "ar_internal_metadata".* FROM "ar_internal_metadata" WHERE "ar_internal_metadata"."key" = ? LIMIT ?[0m  [["key", "environment"], ["LIMIT", 1]]
  [1m[36mActiveRecord::SchemaMigration Pluck (0.1ms)[0m  [1m[34mSELECT "schema_migrations"."version" FROM "schema_migrations" ORDER BY "schema_migrations"."version" ASC[0m
Started GET "/articles/new" for 127.0.0.1 at 2022-11-28 14:40:13 +0300
  [1m[36mActiveRecord::SchemaMigration Pluck (0.1ms)[0m  [1m[34mSELECT "schema_migrations"."version" FROM "schema_migrations" ORDER BY "schema_migrations"."version" ASC[0m
Processing by ArticlesController#new as HTML
  Rendering layout layouts/application.html.erb
  Rendering articles/new.html.erb within layouts/application
  Rendered articles/_form.html.erb (Duration: 3.9ms | Allocations: 1562)
  Rendered articles/new.html.erb within layouts/application (Duration: 8.4ms | Allocations: 2861)
  Rendered layout layouts/application.html.erb (Duration: 27.2ms | Allocations: 17751)
Completed 200 OK in 117ms (Views: 29.6ms | ActiveRecord: 0.0ms | Allocations: 22720)


Started GET "/" for 127.0.0.1 at 2022-11-28 14:40:18 +0300
Processing by ArticlesController#index as HTML
  Rendering layout layouts/application.html.erb
  Rendering articles/index.html.erb within layouts/application
  [1m[36mArticle Load (0.5ms)[0m  [1m[34mSELECT "articles".* FROM "articles"[0m
  ↳ app/views/articles/index.html.erb:4
  Rendered articles/index.html.erb within layouts/application (Duration: 7.0ms | Allocations: 947)
  Rendered layout layouts/application.html.erb (Duration: 14.6ms | Allocations: 3430)
Completed 200 OK in 19ms (Views: 15.8ms | ActiveRecord: 0.5ms | Allocations: 3882)


Started GET "/articles/new" for 127.0.0.1 at 2022-11-28 14:40:20 +0300
Processing by ArticlesController#new as HTML
  Rendering layout layouts/application.html.erb
  Rendering articles/new.html.erb within layouts/application
  Rendered articles/_form.html.erb (Duration: 5.3ms | Allocations: 983)
  Rendered articles/new.html.erb within layouts/application (Duration: 9.3ms | Allocations: 1831)
  Rendered layout layouts/application.html.erb (Duration: 15.7ms | Allocations: 4153)
Completed 200 OK in 18ms (Views: 16.6ms | ActiveRecord: 0.0ms | Allocations: 4486)


Started POST "/articles" for 127.0.0.1 at 2022-11-28 14:40:30 +0300
Processing by ArticlesController#create as TURBO_STREAM
  Parameters: {"authenticity_token"=>"[FILTERED]", "article"=>{"title"=>"rr", "body"=>"how to you\n"}, "commit"=>"Create Article"}
  [1m[36mTRANSACTION (0.1ms)[0m  [1m[36mbegin transaction[0m
  ↳ app/controllers/articles_controller.rb:17:in `create'
  [1m[36mArticle Create (0.8ms)[0m  [1m[32mINSERT INTO "articles" ("title", "body", "created_at", "updated_at") VALUES (?, ?, ?, ?)[0m  [["title", "rr"], ["body", "how to you\n"], ["created_at", "2022-11-28 11:40:30.169416"], ["updated_at", "2022-11-28 11:40:30.169416"]]
  ↳ app/controllers/articles_controller.rb:17:in `create'
  [1m[36mTRANSACTION (230.7ms)[0m  [1m[36mcommit transaction[0m
  ↳ app/controllers/articles_controller.rb:17:in `create'
Redirected to http://localhost:3000/articles/3
Completed 302 Found in 241ms (ActiveRecord: 231.6ms | Allocations: 2545)


Started GET "/articles/3" for 127.0.0.1 at 2022-11-28 14:40:30 +0300
Processing by ArticlesController#show as TURBO_STREAM
  Parameters: {"id"=>"3"}
  [1m[36mArticle Load (0.3ms)[0m  [1m[34mSELECT "articles".* FROM "articles" WHERE "articles"."id" = ? LIMIT ?[0m  [["id", 3], ["LIMIT", 1]]
  ↳ app/controllers/articles_controller.rb:7:in `show'
  Rendering layout layouts/application.html.erb
  Rendering articles/show.html.erb within layouts/application
  [1m[36mComment Load (0.2ms)[0m  [1m[34mSELECT "comments".* FROM "comments" WHERE "comments"."article_id" = ?[0m  [["article_id", 3]]
  ↳ app/views/articles/show.html.erb:14
  Rendered articles/show.html.erb within layouts/application (Duration: 221.2ms | Allocations: 28367)
  Rendered layout layouts/application.html.erb (Duration: 225.2ms | Allocations: 30812)
Completed 200 OK in 229ms (Views: 224.8ms | ActiveRecord: 1.4ms | Allocations: 32339)


Started POST "/articles/3/comments" for 127.0.0.1 at 2022-11-28 14:40:41 +0300
Processing by CommentsController#create as TURBO_STREAM
  Parameters: {"authenticity_token"=>"[FILTERED]", "comment"=>{"commenter"=>"me", "body"=>"goog"}, "commit"=>"Create Comment", "article_id"=>"3"}
  [1m[36mArticle Load (0.2ms)[0m  [1m[34mSELECT "articles".* FROM "articles" WHERE "articles"."id" = ? LIMIT ?[0m  [["id", 3], ["LIMIT", 1]]
  ↳ app/controllers/comments_controller.rb:3:in `create'
  [1m[36mTRANSACTION (0.1ms)[0m  [1m[36mbegin transaction[0m
  ↳ app/controllers/comments_controller.rb:4:in `create'
  [1m[36mComment Create (0.4ms)[0m  [1m[32mINSERT INTO "comments" ("commenter", "body", "article_id", "created_at", "updated_at") VALUES (?, ?, ?, ?, ?)[0m  [["commenter", "me"], ["body", "goog"], ["article_id", 3], ["created_at", "2022-11-28 11:40:41.670399"], ["updated_at", "2022-11-28 11:40:41.670399"]]
  ↳ app/controllers/comments_controller.rb:4:in `create'
  [1m[36mTRANSACTION (181.7ms)[0m  [1m[36mcommit transaction[0m
  ↳ app/controllers/comments_controller.rb:4:in `create'
Redirected to http://localhost:3000/articles/3
Completed 302 Found in 195ms (ActiveRecord: 182.3ms | Allocations: 3422)


Started GET "/articles/3" for 127.0.0.1 at 2022-11-28 14:40:41 +0300
Processing by ArticlesController#show as TURBO_STREAM
  Parameters: {"id"=>"3"}
  [1m[36mArticle Load (0.4ms)[0m  [1m[34mSELECT "articles".* FROM "articles" WHERE "articles"."id" = ? LIMIT ?[0m  [["id", 3], ["LIMIT", 1]]
  ↳ app/controllers/articles_controller.rb:7:in `show'
  Rendering layout layouts/application.html.erb
  Rendering articles/show.html.erb within layouts/application
  [1m[36mComment Load (0.4ms)[0m  [1m[34mSELECT "comments".* FROM "comments" WHERE "comments"."article_id" = ?[0m  [["article_id", 3]]
  ↳ app/views/articles/show.html.erb:14
  Rendered articles/show.html.erb within layouts/application (Duration: 14.2ms | Allocations: 1920)
  Rendered layout layouts/application.html.erb (Duration: 23.0ms | Allocations: 4330)
Completed 200 OK in 31ms (Views: 24.8ms | ActiveRecord: 0.8ms | Allocations: 5126)


  [1m[36mActiveRecord::SchemaMigration Pluck (0.1ms)[0m  [1m[34mSELECT "schema_migrations"."version" FROM "schema_migrations" ORDER BY "schema_migrations"."version" ASC[0m
Migrating to AddStatusToArticles (20221128114512)
  [1m[36mTRANSACTION (0.1ms)[0m  [1m[36mbegin transaction[0m
  [1m[35m (0.5ms)[0m  [1m[35mALTER TABLE "articles" ADD "status" varchar[0m
  [1m[36mActiveRecord::SchemaMigration Create (0.2ms)[0m  [1m[32mINSERT INTO "schema_migrations" ("version") VALUES (?)[0m  [["version", "20221128114512"]]
  [1m[36mTRANSACTION (163.1ms)[0m  [1m[36mcommit transaction[0m
Migrating to AddStatusToComments (20221128114528)
  [1m[36mTRANSACTION (0.1ms)[0m  [1m[36mbegin transaction[0m
  [1m[35m (0.6ms)[0m  [1m[35mALTER TABLE "comments" ADD "status" varchar[0m
  [1m[36mActiveRecord::SchemaMigration Create (0.2ms)[0m  [1m[32mINSERT INTO "schema_migrations" ("version") VALUES (?)[0m  [["version", "20221128114528"]]
  [1m[36mTRANSACTION (70.3ms)[0m  [1m[36mcommit transaction[0m
  [1m[36mActiveRecord::InternalMetadata Load (0.4ms)[0m  [1m[34mSELECT "ar_internal_metadata".* FROM "ar_internal_metadata" WHERE "ar_internal_metadata"."key" = ? LIMIT ?[0m  [["key", "environment"], ["LIMIT", 1]]
  [1m[36mActiveRecord::SchemaMigration Pluck (0.1ms)[0m  [1m[34mSELECT "schema_migrations"."version" FROM "schema_migrations" ORDER BY "schema_migrations"."version" ASC[0m
  [1m[36mActiveRecord::SchemaMigration Pluck (0.2ms)[0m  [1m[34mSELECT "schema_migrations"."version" FROM "schema_migrations" ORDER BY "schema_migrations"."version" ASC[0m
  [1m[36mActiveRecord::InternalMetadata Load (0.1ms)[0m  [1m[34mSELECT "ar_internal_metadata".* FROM "ar_internal_metadata" WHERE "ar_internal_metadata"."key" = ? LIMIT ?[0m  [["key", "environment"], ["LIMIT", 1]]
  [1m[36mActiveRecord::SchemaMigration Pluck (0.1ms)[0m  [1m[34mSELECT "schema_migrations"."version" FROM "schema_migrations" ORDER BY "schema_migrations"."version" ASC[0m
Started GET "/articles/3" for 127.0.0.1 at 2022-11-28 15:00:16 +0300
  [1m[36mActiveRecord::SchemaMigration Pluck (0.2ms)[0m  [1m[34mSELECT "schema_migrations"."version" FROM "schema_migrations" ORDER BY "schema_migrations"."version" ASC[0m
Processing by ArticlesController#show as HTML
  Parameters: {"id"=>"3"}
  [1m[36mArticle Load (0.2ms)[0m  [1m[34mSELECT "articles".* FROM "articles" WHERE "articles"."id" = ? LIMIT ?[0m  [["id", 3], ["LIMIT", 1]]
  ↳ app/controllers/articles_controller.rb:10:in `show'
  Rendering layout layouts/application.html.erb
  Rendering articles/show.html.erb within layouts/application
  [1m[36mComment Load (0.2ms)[0m  [1m[34mSELECT "comments".* FROM "comments" WHERE "comments"."article_id" = ?[0m  [["article_id", 3]]
  ↳ app/views/articles/show.html.erb:14
  Rendered collection of comments/_comment.html.erb [1 times] (Duration: 2.2ms | Allocations: 577)
  Rendered comments/_form.html.erb (Duration: 23.9ms | Allocations: 2247)
  Rendered articles/show.html.erb within layouts/application (Duration: 42.1ms | Allocations: 9281)
  Rendered layout layouts/application.html.erb (Duration: 73.4ms | Allocations: 24219)
Completed 200 OK in 86ms (Views: 75.6ms | ActiveRecord: 0.4ms | Allocations: 30018)


Started GET "/" for 127.0.0.1 at 2022-11-28 15:00:20 +0300
Processing by ArticlesController#index as HTML
  Rendering layout layouts/application.html.erb
  Rendering articles/index.html.erb within layouts/application
  [1m[36mArticle Count (0.2ms)[0m  [1m[34mSELECT COUNT(*) FROM "articles" WHERE "articles"."status" = ?[0m  [["status", "public"]]
  ↳ app/models/concerns/visible.rb:12:in `public_count'
  [1m[36mArticle Load (0.2ms)[0m  [1m[34mSELECT "articles".* FROM "articles"[0m
  ↳ app/views/articles/index.html.erb:6
  Rendered articles/index.html.erb within layouts/application (Duration: 6.2ms | Allocations: 1736)
  Rendered layout layouts/application.html.erb (Duration: 13.0ms | Allocations: 4240)
Completed 200 OK in 15ms (Views: 13.4ms | ActiveRecord: 0.5ms | Allocations: 4683)


Started GET "/articles/1" for 127.0.0.1 at 2022-11-28 15:00:23 +0300
Processing by ArticlesController#show as HTML
  Parameters: {"id"=>"1"}
  [1m[36mArticle Load (0.3ms)[0m  [1m[34mSELECT "articles".* FROM "articles" WHERE "articles"."id" = ? LIMIT ?[0m  [["id", 1], ["LIMIT", 1]]
  ↳ app/controllers/articles_controller.rb:10:in `show'
  Rendering layout layouts/application.html.erb
  Rendering articles/show.html.erb within layouts/application
  [1m[36mComment Load (0.2ms)[0m  [1m[34mSELECT "comments".* FROM "comments" WHERE "comments"."article_id" = ?[0m  [["article_id", 1]]
  ↳ app/views/articles/show.html.erb:14
  Rendered collection of templates [0 times] (Duration: 0.1ms | Allocations: 26)
  Rendered comments/_form.html.erb (Duration: 7.3ms | Allocations: 1426)
  Rendered articles/show.html.erb within layouts/application (Duration: 11.5ms | Allocations: 2330)
  Rendered layout layouts/application.html.erb (Duration: 19.0ms | Allocations: 4646)
Completed 200 OK in 25ms (Views: 21.0ms | ActiveRecord: 0.4ms | Allocations: 5411)


Started POST "/articles/1/comments" for 127.0.0.1 at 2022-11-28 15:00:28 +0300
Processing by CommentsController#create as TURBO_STREAM
  Parameters: {"authenticity_token"=>"[FILTERED]", "comment"=>{"commenter"=>"", "body"=>"", "status"=>"public"}, "commit"=>"Create Comment", "article_id"=>"1"}
  [1m[36mArticle Load (0.2ms)[0m  [1m[34mSELECT "articles".* FROM "articles" WHERE "articles"."id" = ? LIMIT ?[0m  [["id", 1], ["LIMIT", 1]]
  ↳ app/controllers/comments_controller.rb:5:in `create'
Completed 500 Internal Server Error in 5ms (ActiveRecord: 0.2ms | Allocations: 1656)


  
ActiveModel::UnknownAttributeError (unknown attribute 'status' for Comment.):
  
app/controllers/comments_controller.rb:6:in `create'
Started GET "/" for 127.0.0.1 at 2022-11-28 15:00:54 +0300
Processing by ArticlesController#index as HTML
  Rendering layout layouts/application.html.erb
  Rendering articles/index.html.erb within layouts/application
  [1m[36mArticle Count (0.3ms)[0m  [1m[34mSELECT COUNT(*) FROM "articles" WHERE "articles"."status" = ?[0m  [["status", "public"]]
  ↳ app/models/concerns/visible.rb:12:in `public_count'
  [1m[36mArticle Load (0.3ms)[0m  [1m[34mSELECT "articles".* FROM "articles"[0m
  ↳ app/views/articles/index.html.erb:6
  Rendered articles/index.html.erb within layouts/application (Duration: 6.2ms | Allocations: 1358)
  Rendered layout layouts/application.html.erb (Duration: 15.8ms | Allocations: 4011)
Completed 200 OK in 20ms (Views: 17.5ms | ActiveRecord: 0.6ms | Allocations: 4378)


Started GET "/" for 127.0.0.1 at 2022-11-28 15:00:54 +0300
Processing by ArticlesController#index as HTML
  Rendering layout layouts/application.html.erb
  Rendering articles/index.html.erb within layouts/application
  [1m[36mArticle Count (0.4ms)[0m  [1m[34mSELECT COUNT(*) FROM "articles" WHERE "articles"."status" = ?[0m  [["status", "public"]]
  ↳ app/models/concerns/visible.rb:12:in `public_count'
  [1m[36mArticle Load (0.3ms)[0m  [1m[34mSELECT "articles".* FROM "articles"[0m
  ↳ app/views/articles/index.html.erb:6
  Rendered articles/index.html.erb within layouts/application (Duration: 6.8ms | Allocations: 1207)
  Rendered layout layouts/application.html.erb (Duration: 15.5ms | Allocations: 3692)
Completed 200 OK in 18ms (Views: 16.4ms | ActiveRecord: 0.7ms | Allocations: 4016)


Started GET "/articles/3" for 127.0.0.1 at 2022-11-28 15:00:56 +0300
Processing by ArticlesController#show as HTML
  Parameters: {"id"=>"3"}
  [1m[36mArticle Load (0.4ms)[0m  [1m[34mSELECT "articles".* FROM "articles" WHERE "articles"."id" = ? LIMIT ?[0m  [["id", 3], ["LIMIT", 1]]
  ↳ app/controllers/articles_controller.rb:10:in `show'
  Rendering layout layouts/application.html.erb
  Rendering articles/show.html.erb within layouts/application
  [1m[36mComment Load (0.4ms)[0m  [1m[34mSELECT "comments".* FROM "comments" WHERE "comments"."article_id" = ?[0m  [["article_id", 3]]
  ↳ app/views/articles/show.html.erb:14
  Rendered collection of comments/_comment.html.erb [1 times] (Duration: 2.0ms | Allocations: 203)
  Rendered comments/_form.html.erb (Duration: 8.3ms | Allocations: 1442)
  Rendered articles/show.html.erb within layouts/application (Duration: 19.0ms | Allocations: 2567)
  Rendered layout layouts/application.html.erb (Duration: 25.7ms | Allocations: 4881)
Completed 200 OK in 33ms (Views: 27.1ms | ActiveRecord: 0.8ms | Allocations: 5646)


Started POST "/articles/3/comments" for 127.0.0.1 at 2022-11-28 15:01:06 +0300
Processing by CommentsController#create as TURBO_STREAM
  Parameters: {"authenticity_token"=>"[FILTERED]", "comment"=>{"commenter"=>"gyd", "body"=>"good", "status"=>"public"}, "commit"=>"Create Comment", "article_id"=>"3"}
  [1m[36mArticle Load (0.4ms)[0m  [1m[34mSELECT "articles".* FROM "articles" WHERE "articles"."id" = ? LIMIT ?[0m  [["id", 3], ["LIMIT", 1]]
  ↳ app/controllers/comments_controller.rb:5:in `create'
Completed 500 Internal Server Error in 9ms (ActiveRecord: 0.4ms | Allocations: 1310)


  
ActiveModel::UnknownAttributeError (unknown attribute 'status' for Comment.):
  
app/controllers/comments_controller.rb:6:in `create'
Started GET "/" for 127.0.0.1 at 2022-11-28 15:01:15 +0300
Processing by ArticlesController#index as HTML
  Rendering layout layouts/application.html.erb
  Rendering articles/index.html.erb within layouts/application
  [1m[36mArticle Count (0.3ms)[0m  [1m[34mSELECT COUNT(*) FROM "articles" WHERE "articles"."status" = ?[0m  [["status", "public"]]
  ↳ app/models/concerns/visible.rb:12:in `public_count'
  [1m[36mArticle Load (0.2ms)[0m  [1m[34mSELECT "articles".* FROM "articles"[0m
  ↳ app/views/articles/index.html.erb:6
  Rendered articles/index.html.erb within layouts/application (Duration: 7.2ms | Allocations: 1207)
  Rendered layout layouts/application.html.erb (Duration: 14.8ms | Allocations: 3705)
Completed 200 OK in 17ms (Views: 15.2ms | ActiveRecord: 0.5ms | Allocations: 4032)


Started GET "/" for 127.0.0.1 at 2022-11-28 15:01:15 +0300
Processing by ArticlesController#index as HTML
  Rendering layout layouts/application.html.erb
  Rendering articles/index.html.erb within layouts/application
  [1m[36mArticle Count (0.7ms)[0m  [1m[34mSELECT COUNT(*) FROM "articles" WHERE "articles"."status" = ?[0m  [["status", "public"]]
  ↳ app/models/concerns/visible.rb:12:in `public_count'
  [1m[36mArticle Load (0.3ms)[0m  [1m[34mSELECT "articles".* FROM "articles"[0m
  ↳ app/views/articles/index.html.erb:6
  Rendered articles/index.html.erb within layouts/application (Duration: 7.1ms | Allocations: 1207)
  Rendered layout layouts/application.html.erb (Duration: 13.5ms | Allocations: 3694)
Completed 200 OK in 15ms (Views: 13.3ms | ActiveRecord: 1.1ms | Allocations: 4018)


Started GET "/articles/1" for 127.0.0.1 at 2022-11-28 15:01:16 +0300
Processing by ArticlesController#show as HTML
  Parameters: {"id"=>"1"}
  [1m[36mArticle Load (0.1ms)[0m  [1m[34mSELECT "articles".* FROM "articles" WHERE "articles"."id" = ? LIMIT ?[0m  [["id", 1], ["LIMIT", 1]]
  ↳ app/controllers/articles_controller.rb:10:in `show'
  Rendering layout layouts/application.html.erb
  Rendering articles/show.html.erb within layouts/application
  [1m[36mComment Load (0.1ms)[0m  [1m[34mSELECT "comments".* FROM "comments" WHERE "comments"."article_id" = ?[0m  [["article_id", 1]]
  ↳ app/views/articles/show.html.erb:14
  Rendered collection of templates [0 times] (Duration: 0.0ms | Allocations: 15)
  Rendered comments/_form.html.erb (Duration: 4.4ms | Allocations: 1387)
  Rendered articles/show.html.erb within layouts/application (Duration: 7.4ms | Allocations: 2249)
  Rendered layout layouts/application.html.erb (Duration: 12.3ms | Allocations: 4563)
Completed 200 OK in 15ms (Views: 12.9ms | ActiveRecord: 0.3ms | Allocations: 5315)


Started POST "/articles/1/comments" for 127.0.0.1 at 2022-11-28 15:01:21 +0300
Processing by CommentsController#create as TURBO_STREAM
  Parameters: {"authenticity_token"=>"[FILTERED]", "comment"=>{"commenter"=>"ss", "body"=>"sss", "status"=>"public"}, "commit"=>"Create Comment", "article_id"=>"1"}
  [1m[36mArticle Load (0.2ms)[0m  [1m[34mSELECT "articles".* FROM "articles" WHERE "articles"."id" = ? LIMIT ?[0m  [["id", 1], ["LIMIT", 1]]
  ↳ app/controllers/comments_controller.rb:5:in `create'
Completed 500 Internal Server Error in 9ms (ActiveRecord: 0.2ms | Allocations: 1277)


  
ActiveModel::UnknownAttributeError (unknown attribute 'status' for Comment.):
  
app/controllers/comments_controller.rb:6:in `create'
Started GET "/" for 127.0.0.1 at 2022-11-28 15:01:25 +0300
Processing by ArticlesController#index as HTML
  Rendering layout layouts/application.html.erb
  Rendering articles/index.html.erb within layouts/application
  [1m[36mArticle Count (0.3ms)[0m  [1m[34mSELECT COUNT(*) FROM "articles" WHERE "articles"."status" = ?[0m  [["status", "public"]]
  ↳ app/models/concerns/visible.rb:12:in `public_count'
  [1m[36mArticle Load (0.3ms)[0m  [1m[34mSELECT "articles".* FROM "articles"[0m
  ↳ app/views/articles/index.html.erb:6
  Rendered articles/index.html.erb within layouts/application (Duration: 7.2ms | Allocations: 1206)
  Rendered layout layouts/application.html.erb (Duration: 11.9ms | Allocations: 3693)
Completed 200 OK in 13ms (Views: 11.9ms | ActiveRecord: 0.6ms | Allocations: 4019)


Started GET "/" for 127.0.0.1 at 2022-11-28 15:01:25 +0300
Processing by ArticlesController#index as HTML
  Rendering layout layouts/application.html.erb
  Rendering articles/index.html.erb within layouts/application
  [1m[36mArticle Count (0.3ms)[0m  [1m[34mSELECT COUNT(*) FROM "articles" WHERE "articles"."status" = ?[0m  [["status", "public"]]
  ↳ app/models/concerns/visible.rb:12:in `public_count'
  [1m[36mArticle Load (1.1ms)[0m  [1m[34mSELECT "articles".* FROM "articles"[0m
  ↳ app/views/articles/index.html.erb:6
  Rendered articles/index.html.erb within layouts/application (Duration: 8.1ms | Allocations: 1208)
  Rendered layout layouts/application.html.erb (Duration: 14.4ms | Allocations: 3720)
Completed 200 OK in 17ms (Views: 14.5ms | ActiveRecord: 1.3ms | Allocations: 4046)


Started GET "/articles/3" for 127.0.0.1 at 2022-11-28 15:01:27 +0300
Processing by ArticlesController#show as HTML
  Parameters: {"id"=>"3"}
  [1m[36mArticle Load (0.1ms)[0m  [1m[34mSELECT "articles".* FROM "articles" WHERE "articles"."id" = ? LIMIT ?[0m  [["id", 3], ["LIMIT", 1]]
  ↳ app/controllers/articles_controller.rb:10:in `show'
  Rendering layout layouts/application.html.erb
  Rendering articles/show.html.erb within layouts/application
  [1m[36mComment Load (0.1ms)[0m  [1m[34mSELECT "comments".* FROM "comments" WHERE "comments"."article_id" = ?[0m  [["article_id", 3]]
  ↳ app/views/articles/show.html.erb:14
  Rendered collection of comments/_comment.html.erb [1 times] (Duration: 0.4ms | Allocations: 185)
  Rendered comments/_form.html.erb (Duration: 3.4ms | Allocations: 1384)
  Rendered articles/show.html.erb within layouts/application (Duration: 6.0ms | Allocations: 2461)
  Rendered layout layouts/application.html.erb (Duration: 10.4ms | Allocations: 4775)
Completed 200 OK in 13ms (Views: 10.9ms | ActiveRecord: 0.3ms | Allocations: 5527)


Started POST "/articles/3/comments" for 127.0.0.1 at 2022-11-28 15:01:37 +0300
Processing by CommentsController#create as TURBO_STREAM
  Parameters: {"authenticity_token"=>"[FILTERED]", "comment"=>{"commenter"=>"eee", "body"=>"eeeee", "status"=>"archived"}, "commit"=>"Create Comment", "article_id"=>"3"}
  [1m[36mArticle Load (0.2ms)[0m  [1m[34mSELECT "articles".* FROM "articles" WHERE "articles"."id" = ? LIMIT ?[0m  [["id", 3], ["LIMIT", 1]]
  ↳ app/controllers/comments_controller.rb:5:in `create'
Completed 500 Internal Server Error in 4ms (ActiveRecord: 0.2ms | Allocations: 1283)


  
ActiveModel::UnknownAttributeError (unknown attribute 'status' for Comment.):
  
app/controllers/comments_controller.rb:6:in `create'
  [1m[36mActiveRecord::SchemaMigration Pluck (0.2ms)[0m  [1m[34mSELECT "schema_migrations"."version" FROM "schema_migrations" ORDER BY "schema_migrations"."version" ASC[0m
  [1m[36mActiveRecord::InternalMetadata Load (0.2ms)[0m  [1m[34mSELECT "ar_internal_metadata".* FROM "ar_internal_metadata" WHERE "ar_internal_metadata"."key" = ? LIMIT ?[0m  [["key", "environment"], ["LIMIT", 1]]
  [1m[36mActiveRecord::SchemaMigration Pluck (0.2ms)[0m  [1m[34mSELECT "schema_migrations"."version" FROM "schema_migrations" ORDER BY "schema_migrations"."version" ASC[0m
Started GET "/" for 127.0.0.1 at 2022-11-28 15:04:06 +0300
  [1m[36mActiveRecord::SchemaMigration Pluck (0.2ms)[0m  [1m[34mSELECT "schema_migrations"."version" FROM "schema_migrations" ORDER BY "schema_migrations"."version" ASC[0m
Processing by ArticlesController#index as HTML
  Rendering layout layouts/application.html.erb
  Rendering articles/index.html.erb within layouts/application
  [1m[36mArticle Count (0.4ms)[0m  [1m[34mSELECT COUNT(*) FROM "articles" WHERE "articles"."status" = ?[0m  [["status", "public"]]
  ↳ app/models/concerns/visible.rb:12:in `public_count'
  [1m[36mArticle Load (0.4ms)[0m  [1m[34mSELECT "articles".* FROM "articles"[0m
  ↳ app/views/articles/index.html.erb:6
  Rendered articles/index.html.erb within layouts/application (Duration: 42.4ms | Allocations: 18979)
  Rendered layout layouts/application.html.erb (Duration: 200.3ms | Allocations: 55262)
Completed 200 OK in 239ms (Views: 206.6ms | ActiveRecord: 2.9ms | Allocations: 64320)


Started GET "/" for 127.0.0.1 at 2022-11-28 15:04:07 +0300
Processing by ArticlesController#index as HTML
  Rendering layout layouts/application.html.erb
  Rendering articles/index.html.erb within layouts/application
  [1m[36mArticle Count (0.3ms)[0m  [1m[34mSELECT COUNT(*) FROM "articles" WHERE "articles"."status" = ?[0m  [["status", "public"]]
  ↳ app/models/concerns/visible.rb:12:in `public_count'
  [1m[36mArticle Load (0.2ms)[0m  [1m[34mSELECT "articles".* FROM "articles"[0m
  ↳ app/views/articles/index.html.erb:6
  Rendered articles/index.html.erb within layouts/application (Duration: 5.4ms | Allocations: 1348)
  Rendered layout layouts/application.html.erb (Duration: 16.2ms | Allocations: 4003)
Completed 200 OK in 19ms (Views: 16.9ms | ActiveRecord: 0.5ms | Allocations: 4389)


Started GET "/articles/1" for 127.0.0.1 at 2022-11-28 15:04:12 +0300
Processing by ArticlesController#show as HTML
  Parameters: {"id"=>"1"}
  [1m[36mArticle Load (0.2ms)[0m  [1m[34mSELECT "articles".* FROM "articles" WHERE "articles"."id" = ? LIMIT ?[0m  [["id", 1], ["LIMIT", 1]]
  ↳ app/controllers/articles_controller.rb:10:in `show'
  Rendering layout layouts/application.html.erb
  Rendering articles/show.html.erb within layouts/application
  [1m[36mComment Load (0.2ms)[0m  [1m[34mSELECT "comments".* FROM "comments" WHERE "comments"."article_id" = ?[0m  [["article_id", 1]]
  ↳ app/views/articles/show.html.erb:14
  Rendered collection of templates [0 times] (Duration: 0.1ms | Allocations: 32)
  Rendered comments/_form.html.erb (Duration: 34.4ms | Allocations: 20279)
  Rendered articles/show.html.erb within layouts/application (Duration: 51.6ms | Allocations: 29339)
  Rendered layout layouts/application.html.erb (Duration: 69.9ms | Allocations: 31767)
Completed 200 OK in 74ms (Views: 69.5ms | ActiveRecord: 1.3ms | Allocations: 33676)


Started POST "/articles/1/comments" for 127.0.0.1 at 2022-11-28 15:04:18 +0300
Processing by CommentsController#create as TURBO_STREAM
  Parameters: {"authenticity_token"=>"[FILTERED]", "comment"=>{"commenter"=>"ee", "body"=>"ee", "status"=>"public"}, "commit"=>"Create Comment", "article_id"=>"1"}
  [1m[36mArticle Load (0.4ms)[0m  [1m[34mSELECT "articles".* FROM "articles" WHERE "articles"."id" = ? LIMIT ?[0m  [["id", 1], ["LIMIT", 1]]
  ↳ app/controllers/comments_controller.rb:5:in `create'
  [1m[36mTRANSACTION (0.2ms)[0m  [1m[36mbegin transaction[0m
  ↳ app/controllers/comments_controller.rb:6:in `create'
  [1m[36mComment Create (1.2ms)[0m  [1m[32mINSERT INTO "comments" ("commenter", "body", "article_id", "created_at", "updated_at", "status") VALUES (?, ?, ?, ?, ?, ?)[0m  [["commenter", "ee"], ["body", "ee"], ["article_id", 1], ["created_at", "2022-11-28 12:04:18.828856"], ["updated_at", "2022-11-28 12:04:18.828856"], ["status", "public"]]
  ↳ app/controllers/comments_controller.rb:6:in `create'
  [1m[36mTRANSACTION (231.7ms)[0m  [1m[36mcommit transaction[0m
  ↳ app/controllers/comments_controller.rb:6:in `create'
Redirected to http://localhost:3000/articles/1
Completed 302 Found in 259ms (ActiveRecord: 233.4ms | Allocations: 4583)


Started GET "/articles/1" for 127.0.0.1 at 2022-11-28 15:04:19 +0300
Processing by ArticlesController#show as TURBO_STREAM
  Parameters: {"id"=>"1"}
  [1m[36mArticle Load (0.2ms)[0m  [1m[34mSELECT "articles".* FROM "articles" WHERE "articles"."id" = ? LIMIT ?[0m  [["id", 1], ["LIMIT", 1]]
  ↳ app/controllers/articles_controller.rb:10:in `show'
  Rendering layout layouts/application.html.erb
  Rendering articles/show.html.erb within layouts/application
  [1m[36mComment Load (0.2ms)[0m  [1m[34mSELECT "comments".* FROM "comments" WHERE "comments"."article_id" = ?[0m  [["article_id", 1]]
  ↳ app/views/articles/show.html.erb:14
  Rendered collection of comments/_comment.html.erb [1 times] (Duration: 2.1ms | Allocations: 469)
  Rendered comments/_form.html.erb (Duration: 5.1ms | Allocations: 1453)
  Rendered articles/show.html.erb within layouts/application (Duration: 11.6ms | Allocations: 3055)
  Rendered layout layouts/application.html.erb (Duration: 17.4ms | Allocations: 5466)
Completed 200 OK in 20ms (Views: 18.1ms | ActiveRecord: 0.3ms | Allocations: 6313)


Started DELETE "/articles/1/comments/2" for 127.0.0.1 at 2022-11-28 15:04:23 +0300
Processing by CommentsController#destroy as TURBO_STREAM
  Parameters: {"article_id"=>"1", "id"=>"2"}
Filter chain halted as #<Proc:0x0000563e650f6c08 /var/lib/gems/3.0.0/gems/actionpack-7.0.4/lib/action_controller/metal/http_authentication.rb:79> rendered or redirected
Completed 401 Unauthorized in 3ms (ActiveRecord: 0.0ms | Allocations: 342)


Started DELETE "/articles/1/comments/2" for 127.0.0.1 at 2022-11-28 15:04:44 +0300
Processing by CommentsController#destroy as TURBO_STREAM
  Parameters: {"article_id"=>"1", "id"=>"2"}
  [1m[36mArticle Load (0.2ms)[0m  [1m[34mSELECT "articles".* FROM "articles" WHERE "articles"."id" = ? LIMIT ?[0m  [["id", 1], ["LIMIT", 1]]
  ↳ app/controllers/comments_controller.rb:11:in `destroy'
  [1m[36mComment Load (0.4ms)[0m  [1m[34mSELECT "comments".* FROM "comments" WHERE "comments"."article_id" = ? AND "comments"."id" = ? LIMIT ?[0m  [["article_id", 1], ["id", 2], ["LIMIT", 1]]
  ↳ app/controllers/comments_controller.rb:12:in `destroy'
  [1m[36mTRANSACTION (0.2ms)[0m  [1m[36mbegin transaction[0m
  ↳ app/controllers/comments_controller.rb:13:in `destroy'
  [1m[36mComment Destroy (0.4ms)[0m  [1m[31mDELETE FROM "comments" WHERE "comments"."id" = ?[0m  [["id", 2]]
  ↳ app/controllers/comments_controller.rb:13:in `destroy'
  [1m[36mTRANSACTION (254.2ms)[0m  [1m[36mcommit transaction[0m
  ↳ app/controllers/comments_controller.rb:13:in `destroy'
Redirected to http://localhost:3000/articles/1
Completed 303 See Other in 269ms (ActiveRecord: 255.3ms | Allocations: 3121)


Started GET "/articles/1" for 127.0.0.1 at 2022-11-28 15:04:44 +0300
Processing by ArticlesController#show as TURBO_STREAM
  Parameters: {"id"=>"1"}
  [1m[36mArticle Load (0.2ms)[0m  [1m[34mSELECT "articles".* FROM "articles" WHERE "articles"."id" = ? LIMIT ?[0m  [["id", 1], ["LIMIT", 1]]
  ↳ app/controllers/articles_controller.rb:10:in `show'
  Rendering layout layouts/application.html.erb
  Rendering articles/show.html.erb within layouts/application
  [1m[36mComment Load (0.2ms)[0m  [1m[34mSELECT "comments".* FROM "comments" WHERE "comments"."article_id" = ?[0m  [["article_id", 1]]
  ↳ app/views/articles/show.html.erb:14
  Rendered collection of templates [0 times] (Duration: 0.1ms | Allocations: 15)
  Rendered comments/_form.html.erb (Duration: 7.1ms | Allocations: 1382)
  Rendered articles/show.html.erb within layouts/application (Duration: 10.6ms | Allocations: 2247)
  Rendered layout layouts/application.html.erb (Duration: 14.8ms | Allocations: 4570)
Completed 200 OK in 18ms (Views: 15.6ms | ActiveRecord: 0.4ms | Allocations: 5340)


